<?xml version="1.0" encoding="UTF-8"?>
<!-- Generated by org.testng.reporters.JUnitReportReporter -->
<testsuite hostname="DESKTOP-K2Q9J16" failures="0" tests="1" name="com.selenium.tests.EndToEndTest" time="5.821" errors="0" timestamp="2025-02-07T10:39:30 IST" skipped="0">
  <testcase classname="com.selenium.tests.EndToEndTest" name="endToEndTest" time="5.821"/>
</testsuite> <!-- com.selenium.tests.EndToEndTest -->
