<?xml version="1.0" encoding="UTF-8"?>
<!-- Generated by org.testng.reporters.JUnitReportReporter -->
<testsuite hostname="DESKTOP-K2Q9J16" failures="0" tests="1" name="com.selenium.tests.EndToEndTest2" time="1.512" errors="0" timestamp="2024-10-07T15:05:53 IST" skipped="0">
  <testcase classname="com.selenium.tests.EndToEndTest2" name="endToEndTest" time="1.512"/>
</testsuite> <!-- com.selenium.tests.EndToEndTest2 -->
