<?xml version="1.0" encoding="UTF-8"?>
<!-- Generated by org.testng.reporters.JUnitReportReporter -->
<testsuite hostname="DESKTOP-K2Q9J16" failures="0" tests="1" name="com.selenium.tests.EndToEndTest" time="2.030" errors="0" timestamp="2024-10-07T16:25:18 IST" skipped="0">
  <testcase classname="com.selenium.tests.EndToEndTest" name="endToEndTest" time="2.030"/>
</testsuite> <!-- com.selenium.tests.EndToEndTest -->
